sample.interval=20000
"scan" "read.table" "read.csv" 
"mean" "summary.default" "summary" "eval" "eval" "with.default" "with" "FUN" "lapply" "sapply" 
"match" "%in%" "grobUnit" "dataUnit" "recycle.data" "lapply" "sapply" "valid.data" "valid.unit" "unit" "is.unit" "viewport" "pushedvp" "<Anonymous>" "grid.newpage" "print.ggplot" "print" 
"$" "initialize" "initialize" "<Anonymous>" "<Anonymous>" "scale_clone.continuous" "scale_clone" "f" "rlply" "train_position" "ggplot_build" "print.ggplot" "print" 
"c" "match.arg" "sort.int" "sort.default" "sort" "bin" "<Anonymous>" "<Anonymous>" "FUN" "lapply" "<Anonymous>" "<Anonymous>" "<Anonymous>" "do.call" "doTryCatch" "tryCatchOne" "tryCatchList" "tryCatch" "try" "<Anonymous>" "<Anonymous>" ".fun" "<Anonymous>" ".Call" "loop_apply" "llply" "ldply" "ddply" "FUN" "lapply" "calculate_stats" "ggplot_build" "print.ggplot" "print" 
"[[.data.frame" "[[" "rbind.fill" "list_to_dataframe" "ldply" "ddply" "collide" "<Anonymous>" "<Anonymous>" ".fun" "<Anonymous>" ".Call" "loop_apply" "llply" "ldply" "ddply" "<Anonymous>" "<Anonymous>" "f" "dlapply" "ggplot_build" "print.ggplot" "print" 
"deparse" "mode" "match" "%in%" "deparse" "match" "$.proto" "$" ".fun" "<Anonymous>" ".Call" "loop_apply" "llply" "ldply" "ddply" "<Anonymous>" "<Anonymous>" "f" "dlapply" "ggplot_build" "print.ggplot" "print" 
"Ops.numeric_version" "<=" "scale_apply" "train_position" "ggplot_build" "print.ggplot" "print" 
".coverage.max" "extended" "<Anonymous>" "scale_breaks.continuous" "scale_breaks" "scale_break_info.continuous" "scale_break_info" "train_cartesian" "coord_train.cartesian" "coord_train" "<Anonymous>" "mapply" "Map" "train_ranges" "ggplot_build" "print.ggplot" "print" 
"[<-.data.frame" "[<-" "transform_position" "coord_transform.cartesian" "coord_transform" "with" "<Anonymous>" "<Anonymous>" "<Anonymous>" "<Anonymous>" "do.call" "<Anonymous>" "<Anonymous>" ".fun" "<Anonymous>" ".Call" "loop_apply" "llply" "dlply" "<Anonymous>" "mapply" "Map" "ggplot_gtable" "print.ggplot" "print" 
"as.list.default" "as.list" "lapply" "sapply" "valid.data" "valid.unit" "unit" "rectGrob" "grobName" "ggname" "eval" "eval" "with.default" "with" "<Anonymous>" "<Anonymous>" "<Anonymous>" "<Anonymous>" "do.call" "<Anonymous>" "<Anonymous>" ".fun" "<Anonymous>" ".Call" "loop_apply" "llply" "dlply" "<Anonymous>" "mapply" "Map" "ggplot_gtable" "print.ggplot" "print" 
"validGP" "gpar" "element_grob.element_text" "element_grob" "grobName" "ggname" "element_render" "guide_axis" "coord_render_axis_h.default" "FUN" "lapply" "facet_axes.grid" "facet_axes" "facet_render.grid" "facet_render" "ggplot_gtable" "print.ggplot" "print" 
"as.list" "data.frame" "gtable" "gtable_row" "inherits" "is.gtable" "stopifnot" "gtable_add_col_space" "facet_axes.grid" "facet_axes" "facet_render.grid" "facet_render" "ggplot_gtable" "print.ggplot" "print" 
"match" "validGP" "gpar" "element_grob.element_text" "element_grob" "grobName" "ggname" "element_render" "FUN" "apply" "build_strip" "facet_strips.grid" "facet_strips" "facet_render.grid" "facet_render" "ggplot_gtable" "print.ggplot" "print" 
"$" "ifelse" "gtable_add_cols" "gtable_add_col_space" "build_strip" "facet_strips.grid" "facet_strips" "facet_render.grid" "facet_render" "ggplot_gtable" "print.ggplot" "print" 
"validGP" "gpar" "element_grob.element_line" "element_grob" "grobName" "ggname" "element_render" "gList" "setChildren" "gTree" "grobTree" "grobName" "ggname" "guide_grid" "coord_render_bg.default" "coord_render_bg" "FUN" "lapply" "facet_panels.grid" "facet_panels" "facet_render.grid" "facet_render" "ggplot_gtable" "print.ggplot" "print" 
"as.data.frame.numeric" "as.data.frame" "data.frame" "gtable_add_grob" "ggplot_gtable" "print.ggplot" "print" 
"$<-.data.frame" "$<-" "gtable_add_cols" "ggplot_gtable" "print.ggplot" "print" 
"setChildren" "gTree" "grid.draw.gtable" "grid.draw" "print.ggplot" "print" 
"grid.Call" "set.gpar" "pushvpgp" "preDraw.grob" "preDraw" "drawGrob" "recordGraphics" "grid.draw.grob" "grid.draw" "drawGTree" "recordGraphics" "grid.draw.gTree" "grid.draw" "drawGTree" "recordGraphics" "grid.draw.gTree" "NextMethod" "grid.draw.gTableChild" "grid.draw" "drawGTree" "recordGraphics" "grid.draw.gTree" "grid.draw" "grid.draw.gtable" "grid.draw" "print.ggplot" "print" 
"upViewport" "grid.draw.gTableChild" "grid.draw" "drawGTree" "recordGraphics" "grid.draw.gTree" "grid.draw" "grid.draw.gtable" "grid.draw" "<Anonymous>" "grid.draw.absoluteGrob" "NextMethod" "grid.draw.gTableChild" "grid.draw" "drawGTree" "recordGraphics" "grid.draw.gTree" "grid.draw" "grid.draw.gtable" "grid.draw" "print.ggplot" "print" 
"pushViewport" "preDrawDetails.gTableParent" "preDrawDetails" "preDraw.gTree" "preDraw" "drawGTree" "recordGraphics" "grid.draw.gTree" "grid.draw" "grid.draw.gtable" "grid.draw" "<Anonymous>" "grid.draw.absoluteGrob" "NextMethod" "grid.draw.gTableChild" "grid.draw" "drawGTree" "recordGraphics" "grid.draw.gTree" "grid.draw" "grid.draw.gtable" "grid.draw" "print.ggplot" "print" 
"stopifnot" "quickdf" ".fun" "<Anonymous>" ".Call" "loop_apply" "llply" "ldply" "ddply" 
"<Anonymous>" "<Anonymous>" "as.proto" "<Anonymous>" "<Anonymous>" "FUN" "lapply" "plot_clone" "add_ggplot" "+.gg" "+" 
"save" "<Anonymous>" "grid.newpage" "print.ggplot" "print" 
"deparse" "paste" "force" "as.data.frame.integer" "as.data.frame" "data.frame" "eval" "eval" "as.data.frame.list" "as.data.frame" "quoted_df" "locate_grid" "facet_map_layout.grid" "facet_map_layout" "FUN" "lapply" "map_layout" "ggplot_build" "print.ggplot" "print" 
"as.data.frame" "data.frame" "eval" "eval" "as.data.frame.list" "as.data.frame" "data.frame" "<Anonymous>" "<Anonymous>" "f" "dlapply" "ggplot_build" "print.ggplot" "print" 
".getClassFromCache" "getClassDef" "is" "installClassMethod" "installClassMethod" "envRefInferField" "$" "$" "initialize" "initialize" "<Anonymous>" "<Anonymous>" "scale_clone.continuous" "scale_clone" "rlply" "train_position" "ggplot_build" "print.ggplot" "print" 
"readRDS" "packageDescription" "withCallingHandlers" "suppressWarnings" "packageVersion" "scale_apply" "FUN" "lapply" "map_position" "ggplot_build" "print.ggplot" "print" 
"[<-" "rbind.fill" "list_to_dataframe" "ldply" "ddply" "FUN" "lapply" "calculate_stats" "ggplot_build" "print.ggplot" "print" 
"NextMethod" "[.factor" "[" "[.data.frame" "[" "panel_scales" ".fun" "<Anonymous>" ".Call" "loop_apply" "llply" "ldply" "ddply" "FUN" "lapply" "calculate_stats" "ggplot_build" "print.ggplot" "print" 
"rbind.fill" "list_to_dataframe" "ldply" "ddply" "<Anonymous>" "<Anonymous>" "f" "dlapply" "ggplot_build" "print.ggplot" "print" 
"rbind.fill" "list_to_dataframe" "ldply" "ddply" "<Anonymous>" "<Anonymous>" "f" "dlapply" "ggplot_build" "print.ggplot" "print" 
"f" "FUN" "lapply" "FUN" "lapply" "scale_apply" "FUN" "lapply" "map_position" "ggplot_build" "print.ggplot" "print" 
"match.fun" "mapply" "unlist" "unique" "scale_breaks_minor.continuous" "scale_breaks_minor" "scale_break_info.continuous" "scale_break_info" "train_cartesian" "coord_train.cartesian" "coord_train" "<Anonymous>" "mapply" "Map" "train_ranges" "ggplot_build" "print.ggplot" "print" 
"zero_range" "scale_breaks.continuous" "scale_breaks" "scale_break_info.continuous" "scale_break_info" "train_cartesian" "coord_train.cartesian" "coord_train" "<Anonymous>" "mapply" "Map" "train_ranges" "ggplot_build" "print.ggplot" "print" 
"names" "data.frame" "eval" "eval" "as.data.frame.list" "as.data.frame" "data.frame" "aesdefaults" "<Anonymous>" "<Anonymous>" "<Anonymous>" "<Anonymous>" ".fun" "<Anonymous>" ".Call" "loop_apply" "llply" "dlply" "<Anonymous>" "mapply" "Map" "ggplot_gtable" "print.ggplot" "print" 
"match" "%in%" "stringUnit" "dataUnit" "recycle.data" "lapply" "sapply" "valid.data" "valid.unit" "unit" "rectGrob" "grobName" "ggname" "eval" "eval" "with.default" "with" "<Anonymous>" "<Anonymous>" "do.call" "<Anonymous>" "<Anonymous>" ".fun" "<Anonymous>" ".Call" "loop_apply" "llply" "dlply" "<Anonymous>" "mapply" "Map" "ggplot_gtable" "print.ggplot" "print" 
"[<-.data.frame" "[<-" "aesdefaults" "<Anonymous>" "<Anonymous>" "<Anonymous>" "<Anonymous>" ".fun" "<Anonymous>" ".Call" "loop_apply" "llply" "dlply" "<Anonymous>" "mapply" "Map" "ggplot_gtable" "print.ggplot" "print" 
"unlist" "order" "[<-.data.frame" "[<-" "transform_position" "coord_transform.cartesian" "coord_transform" "with" "<Anonymous>" "<Anonymous>" "do.call" "<Anonymous>" "<Anonymous>" ".fun" "<Anonymous>" ".Call" "loop_apply" "llply" "dlply" "<Anonymous>" "mapply" "Map" "ggplot_gtable" "print.ggplot" "print" 
"names<-" "names<-" "rename" "rename_aes" "aes" "<Anonymous>" "<Anonymous>" "stopifnot" "modifyList" "aesdefaults" "<Anonymous>" "<Anonymous>" "<Anonymous>" "<Anonymous>" ".fun" "<Anonymous>" ".Call" "loop_apply" "llply" "dlply" "<Anonymous>" "mapply" "Map" "ggplot_gtable" "print.ggplot" "print" 
"$.proto" "$" "do.call" "<Anonymous>" "<Anonymous>" ".fun" "<Anonymous>" ".Call" "loop_apply" "llply" "dlply" "<Anonymous>" "mapply" "Map" "ggplot_gtable" "print.ggplot" "print" 
"lapply" "transform_position" "coord_transform.cartesian" "coord_transform" "with" "<Anonymous>" "<Anonymous>" "do.call" "<Anonymous>" "<Anonymous>" ".fun" "<Anonymous>" ".Call" "loop_apply" "llply" "dlply" "<Anonymous>" "mapply" "Map" "ggplot_gtable" "print.ggplot" "print" 
"$" "is.unit" "validDetails.rect" "validDetails" "validGrob.grob" "validGrob" "grob" "rectGrob" "grobName" "ggname" "eval" "eval" "with.default" "with" "<Anonymous>" "<Anonymous>" "do.call" "<Anonymous>" "<Anonymous>" ".fun" "<Anonymous>" ".Call" "loop_apply" "llply" "dlply" "<Anonymous>" "mapply" "Map" "ggplot_gtable" "print.ggplot" "print" 
"element_render" "guide_axis" "coord_render_axis_h.default" "FUN" "lapply" "facet_axes.grid" "facet_axes" "facet_render.grid" "facet_render" "ggplot_gtable" "print.ggplot" "print" 
"ifelse" "gtable_add_cols" "gtable_row" "guide_axis" "coord_render_axis_v.default" "FUN" "lapply" "facet_axes.grid" "facet_axes" "facet_render.grid" "facet_render" "ggplot_gtable" "print.ggplot" "print" 
"valid.unit" "unit" "widthDetails.text" "widthDetails" "<Anonymous>" "grid.Call" "convertUnit" "convertWidth" "FUN" "lapply" "unlist" "unit" "%||%" "gtable_col" "inherits" "is.gtable" "stopifnot" "gtable_add_row_space" "facet_axes.grid" "facet_axes" "facet_render.grid" "facet_render" "ggplot_gtable" "print.ggplot" "print" 
"apply" "unit" "build_strip" "facet_strips.grid" "facet_strips" "facet_render.grid" "facet_render" "ggplot_gtable" "print.ggplot" "print" 
"ifelse" "gtable_add_cols" "gtable_add_col_space" "build_strip" "facet_strips.grid" "facet_strips" "facet_render.grid" "facet_render" "ggplot_gtable" "print.ggplot" "print" 
"unique.default" "unique" "simplify2array" "sapply" "[.gList" "[" "setChildren" "gTree" "FUN" "lapply" "facet_panels.grid" "facet_panels" "facet_render.grid" "facet_render" "ggplot_gtable" "print.ggplot" "print" 
"$<-" "ggname" "element_render" "gList" "setChildren" "gTree" "grobTree" "grobName" "ggname" "guide_grid" "coord_render_bg.default" "coord_render_bg" "FUN" "lapply" "facet_panels.grid" "facet_panels" "facet_render.grid" "facet_render" "ggplot_gtable" "print.ggplot" "print" 
"unit.c" "insert.unit" "gtable_add_cols" "gtable_add_col_space" "facet_panels.grid" "facet_panels" "facet_render.grid" "facet_render" "ggplot_gtable" "print.ggplot" "print" 
"length.unit" "length" "length" "compare.unit" "rbind_gtable" "f" "Reduce" "rbind" "rbind" "facet_render.grid" "facet_render" "ggplot_gtable" "print.ggplot" "print" 
"as.list" "lapply" "sapply" "valid.data" "valid.unit" "unit" "ggplot_gtable" "print.ggplot" "print" 
"grid.draw.gtable" "grid.draw" "print.ggplot" "print" 
"set.gpar" "pushvpgp" "preDraw.grob" "preDraw" "drawGrob" "recordGraphics" "grid.draw.grob" "grid.draw" "drawGTree" "recordGraphics" "grid.draw.gTree" "grid.draw" "drawGTree" "recordGraphics" "grid.draw.gTree" "NextMethod" "grid.draw.gTableChild" "grid.draw" "drawGTree" "recordGraphics" "grid.draw.gTree" "grid.draw" "grid.draw.gtable" "grid.draw" "print.ggplot" "print" 
"pmatch" ".deparseOpts" "deparse" "eval" "match.arg" "sort.list" "factor" "split.default" "split" "drawDetails.polyline" "drawDetails" "drawGrob" "recordGraphics" "grid.draw.grob" "grid.draw" "drawGTree" "recordGraphics" "grid.draw.gTree" "grid.draw" "drawGTree" "recordGraphics" "grid.draw.gTree" "NextMethod" "grid.draw.gTableChild" "grid.draw" "drawGTree" "recordGraphics" "grid.draw.gTree" "grid.draw" "grid.draw.gtable" "grid.draw" "print.ggplot" "print" 
"valid.data" "valid.unit" "unit" "is.unit" "viewport" "gTree" "grid.draw.gtable" "grid.draw" "<Anonymous>" "grid.draw.absoluteGrob" "NextMethod" "grid.draw.gTableChild" "grid.draw" "drawGTree" "recordGraphics" "grid.draw.gTree" "grid.draw" "grid.draw.gtable" "grid.draw" "print.ggplot" "print" 
"as.list.default" "as.list" "lapply" "sapply" "valid.data" "valid.unit" "unit" "widthDetails.text" "widthDetails" "<Anonymous>" "grid.Call.graphics" "push.vp.viewport" "FUN" "lapply" "pushViewport" "preDrawDetails.gTableParent" "preDrawDetails" "preDraw.gTree" "preDraw" "drawGTree" "recordGraphics" "grid.draw.gTree" "grid.draw" "grid.draw.gtable" "grid.draw" "<Anonymous>" "grid.draw.absoluteGrob" "NextMethod" "grid.draw.gTableChild" "grid.draw" "drawGTree" "recordGraphics" "grid.draw.gTree" "grid.draw" "grid.draw.gtable" "grid.draw" "print.ggplot" "print" 
"strsplit" "unlist" "[.vpPath" "[" "upViewport" "grid.draw.gTableChild" "grid.draw" "drawGTree" "recordGraphics" "grid.draw.gTree" "grid.draw" "grid.draw.gtable" "grid.draw" "print.ggplot" "print" 
"grid.newpage" "print.ggplot" "print" 
"save" "<Anonymous>" "grid.newpage" "print.ggplot" "print" 
"unique.default" "unique" "intersect" "FUN" "lapply" "unlist" "FUN" "lapply" "ggplot_build" "print.ggplot" "print" 
"pmatch" ".deparseOpts" "deparse" "match" "$.proto" "$" "defaults" "<Anonymous>" "<Anonymous>" "f" "dlapply" "ggplot_build" "print.ggplot" "print" 
"rbind.fill" "list_to_dataframe" "ldply" "ddply" "collide" "<Anonymous>" "<Anonymous>" ".fun" "<Anonymous>" ".Call" "loop_apply" "llply" "ldply" "ddply" "<Anonymous>" "<Anonymous>" "f" "dlapply" "ggplot_build" "print.ggplot" "print" 
".density" "extended" "<Anonymous>" "scale_breaks.continuous" "scale_breaks" "scale_break_info.continuous" "scale_break_info" "train_cartesian" "coord_train.cartesian" "coord_train" "<Anonymous>" "mapply" "Map" "train_ranges" "ggplot_build" "print.ggplot" "print" 
"assign" "loadMethod" "loadMethod" "$" "scale_is_empty.default" "scale_is_empty" "scale_labels" "scale_break_info.continuous" "scale_break_info" "train_cartesian" "coord_train.cartesian" "coord_train" "<Anonymous>" "mapply" "Map" "train_ranges" "ggplot_build" "print.ggplot" "print" 
"length" "data.frame" "eval" "eval" "as.data.frame.list" "as.data.frame" "data.frame" "aesdefaults" "<Anonymous>" "<Anonymous>" "<Anonymous>" "<Anonymous>" ".fun" "<Anonymous>" ".Call" "loop_apply" "llply" "dlply" "<Anonymous>" "mapply" "Map" "ggplot_gtable" "print.ggplot" "print" 
"match" "%in%" "stringUnit" "valid.data" "valid.unit" "unit" "is.unit" "viewport" "guide_axis" "coord_render_axis_h.default" "FUN" "lapply" "facet_axes.grid" "facet_axes" "facet_render.grid" "facet_render" "ggplot_gtable" "print.ggplot" "print" 
"$<-.data.frame" "$<-" "gtable_add_cols" "gtable_col" "guide_axis" "coord_render_axis_h.default" "FUN" "lapply" "facet_axes.grid" "facet_axes" "facet_render.grid" "facet_render" "ggplot_gtable" "print.ggplot" "print" 
"unit.arithmetic" "Ops.unit" "-" "guide_axis" "coord_render_axis_v.default" "FUN" "lapply" "facet_axes.grid" "facet_axes" "facet_render.grid" "facet_render" "ggplot_gtable" "print.ggplot" "print" 
"vapply" "f" "Reduce" "calc_element" "element_render" "gList" "setChildren" "gTree" "absoluteGrob" "grobName" "ggname" "FUN" "apply" "build_strip" "facet_strips.grid" "facet_strips" "facet_render.grid" "facet_render" "ggplot_gtable" "print.ggplot" "print" 
"unique" "setdiff" "guide_grid" "coord_render_bg.default" "coord_render_bg" "FUN" "lapply" "facet_panels.grid" "facet_panels" "facet_render.grid" "facet_render" "ggplot_gtable" "print.ggplot" "print" 
"simplify2array" "sapply" "Filter" "compact" "do.call" "ps" "paste" "grobAutoName" "grobName" "ggname" "element_render" "gList" "setChildren" "gTree" "grobTree" "grobName" "ggname" "guide_grid" "coord_render_bg.default" "coord_render_bg" "FUN" "lapply" "facet_panels.grid" "facet_panels" "facet_render.grid" "facet_render" "ggplot_gtable" "print.ggplot" "print" 
"formals" "match.arg" "rank" "z_normalise" "z_arrange_gtables" "rbind" "rbind" "facet_render.grid" "facet_render" "ggplot_gtable" "print.ggplot" "print" 
"gtable_add_grob" "ggplot_gtable" "print.ggplot" "print" 
"grid.draw.gtable" "grid.draw" "print.ggplot" "print" 
"valid.charjust" "valid.just" "resolveHJust" "grid.Call.graphics" "drawDetails.rect" "drawDetails" "drawGrob" "recordGraphics" "grid.draw.grob" "grid.draw" "drawGTree" "recordGraphics" "grid.draw.gTree" "NextMethod" "grid.draw.gTableChild" "grid.draw" "drawGTree" "recordGraphics" "grid.draw.gTree" "grid.draw" "grid.draw.gtable" "grid.draw" "print.ggplot" "print" 
"$" "current.vpPath" "upViewport" "postDrawDetails.gTableParent" "postDrawDetails" "postDraw.grob" "postDraw" "drawGTree" "recordGraphics" "grid.draw.gTree" "grid.draw" "grid.draw.gtable" "grid.draw" "<Anonymous>" "grid.draw.absoluteGrob" "NextMethod" "grid.draw.gTableChild" "grid.draw" "drawGTree" "recordGraphics" "grid.draw.gTree" "grid.draw" "grid.draw.gtable" "grid.draw" "print.ggplot" "print" 
"grid.Call" "heightDetails.text" "heightDetails" "<Anonymous>" "grid.Call.graphics" "push.vp.viewport" "FUN" "lapply" "pushViewport" "preDrawDetails.gTableParent" "preDrawDetails" "preDraw.gTree" "preDraw" "drawGTree" "recordGraphics" "grid.draw.gTree" "grid.draw" "grid.draw.gtable" "grid.draw" "<Anonymous>" "grid.draw.absoluteGrob" "NextMethod" "grid.draw.gTableChild" "grid.draw" "drawGTree" "recordGraphics" "grid.draw.gTree" "grid.draw" "grid.draw.gtable" "grid.draw" "print.ggplot" "print" 
"print.default" "printCoefmat" "print.summary.glm" "print" 
"save" "<Anonymous>" 
"grid.Call" "grid.Call.graphics" "preDraw.gTree" "preDraw" "<Anonymous>" "grid.draw.absoluteGrob" "NextMethod" "grid.draw.gTableChild" "grid.draw" "drawGTree" 
"factor" "split.default" "split" "drawDetails.polyline" "drawDetails" "drawGrob" "recordGraphics" "grid.draw.grob" "grid.draw" "drawGTree" "recordGraphics" "grid.draw.gTree" "grid.draw" "drawGTree" "recordGraphics" "grid.draw.gTree" "NextMethod" "grid.draw.gTableChild" "grid.draw" "drawGTree" 
"$<-" "set.gpar" "push.vp.viewport" "FUN" "lapply" "pushViewport" "grid.draw.gTableChild" "grid.draw" "drawGTree" "recordGraphics" "grid.draw.gTree" "grid.draw" "grid.draw.gtable" "grid.draw" "<Anonymous>" "grid.draw.absoluteGrob" "NextMethod" "grid.draw.gTableChild" "grid.draw" "drawGTree" 
"grid.Call.graphics" "drawDetails.text" "drawDetails" "drawGrob" "recordGraphics" "grid.draw.grob" "NextMethod" "grid.draw.gTableChild" "grid.draw" "drawGTree" "recordGraphics" "grid.draw.gTree" "grid.draw" "grid.draw.gtable" "grid.draw" "<Anonymous>" "grid.draw.absoluteGrob" "NextMethod" "grid.draw.gTableChild" "grid.draw" "drawGTree" 
"$" "set.gpar" "pushvpgp" "preDraw.grob" "preDraw" "drawGrob" "recordGraphics" "grid.draw.grob" "grid.draw" "<Anonymous>" "grid.draw.absoluteGrob" "NextMethod" "grid.draw.gTableChild" "grid.draw" "drawGTree" 
"setChildren" "gTree" "grid.draw.gtable" "grid.draw" "<Anonymous>" "grid.draw.absoluteGrob" "NextMethod" "grid.draw.gTableChild" "grid.draw" "drawGTree" 
"is.gpar" "set.gpar" "push.vp.viewport" "FUN" "lapply" "pushViewport" "pushgrobvp.viewport" "pushgrobvp" "pushvpgp" "preDraw.gTree" "preDraw" "<Anonymous>" "grid.draw.absoluteGrob" "NextMethod" "grid.draw.gTableChild" "grid.draw" "drawGTree" 
